

🚀 GPU Training Enabled
Loading data...
Train shape: (630000, 13)
Test shape: (270000, 12)
Original shape: (20000, 13)

[I 2026-01-04 16:56:08,281] A new study created in memory with name: no-name-5e1c2e9e-a072-4823-96ca-46697e1dccc2

Final Train shape: (650000, 13)

🔮 Starting Hyperparameter Tuning (Optuna)...
🎯 Using Targeted Search Ranges from V14 AutoML Insights

⚡ Tuning XGBoost...

[I 2026-01-04 16:57:14,342] Trial 0 finished with value: 8.792738201929815 and parameters: {'n_estimators': 4996, 'learning_rate': 0.044635901521768134, 'max_depth': 8, 'max_leaves': 30, 'subsample': 0.6546065241548528, 'colsample_bytree': 0.5779972601681014, 'reg_alpha': 0.0001707396743152812, 'reg_lambda': 26.11910822747312, 'min_child_weight': 61}. Best is trial 0 with value: 8.792738201929815.
[I 2026-01-04 16:59:10,495] Trial 1 finished with value: 8.791811096577797 and parameters: {'n_estimators': 7665, 'learning_rate': 0.005242693862597309, 'max_depth': 10, 'max_leaves': 42, 'subsample': 0.6743186887373966, 'colsample_bytree': 0.5909124836035503, 'reg_alpha': 0.0005415244119402539, 'reg_lambda': 9.823025045826594, 'min_child_weight': 53}. Best is trial 1 with value: 8.791811096577797.
[I 2026-01-04 17:00:02,300] Trial 2 finished with value: 8.82920528432382 and parameters: {'n_estimators': 5455, 'learning_rate': 0.009776854331372627, 'max_depth': 7, 'max_leaves': 7, 'subsample': 0.7022506269873263, 'colsample_bytree': 0.6831809216468459, 'reg_alpha': 0.006672367170464205, 'reg_lambda': 23.770102880397395, 'min_child_weight': 20}. Best is trial 1 with value: 8.791811096577797.
[I 2026-01-04 17:01:00,042] Trial 3 finished with value: 8.810951133575603 and parameters: {'n_estimators': 6114, 'learning_rate': 0.019560708142748476, 'max_depth': 3, 'max_leaves': 30, 'subsample': 0.6596834432905521, 'colsample_bytree': 0.5325257964926398, 'reg_alpha': 0.6245139574743068, 'reg_lambda': 29.00332895916222, 'min_child_weight': 81}. Best is trial 1 with value: 8.791811096577797.
[I 2026-01-04 17:01:59,875] Trial 4 finished with value: 8.81373864296026 and parameters: {'n_estimators': 4437, 'learning_rate': 0.006260977143530196, 'max_depth': 8, 'max_leaves': 22, 'subsample': 0.6427133821956725, 'colsample_bytree': 0.7475884550556351, 'reg_alpha': 0.00013726318898045882, 'reg_lambda': 27.37029166028468, 'min_child_weight': 26}. Best is trial 1 with value: 8.791811096577797.
[I 2026-01-04 17:03:34,127] Trial 5 finished with value: 8.781776461363634 and parameters: {'n_estimators': 7300, 'learning_rate': 0.010248990260475094, 'max_depth': 7, 'max_leaves': 27, 'subsample': 0.6646990594339345, 'colsample_bytree': 0.9847923138822793, 'reg_alpha': 0.12604664585649453, 'reg_lambda': 28.245469305361485, 'min_child_weight': 90}. Best is trial 5 with value: 8.781776461363634.
[I 2026-01-04 17:04:37,743] Trial 6 finished with value: 8.793392963246118 and parameters: {'n_estimators': 6783, 'learning_rate': 0.0417680537765588, 'max_depth': 3, 'max_leaves': 9, 'subsample': 0.6158295511186883, 'colsample_bytree': 0.6626651653816322, 'reg_alpha': 0.0035868164986275516, 'reg_lambda': 8.869121921442982, 'min_child_weight': 83}. Best is trial 5 with value: 8.781776461363634.
[I 2026-01-04 17:05:24,959] Trial 7 finished with value: 8.836605856854328 and parameters: {'n_estimators': 4854, 'learning_rate': 0.009547826400522689, 'max_depth': 7, 'max_leaves': 7, 'subsample': 0.8807689432639139, 'colsample_bytree': 0.5372753218398854, 'reg_alpha': 0.8862326508576243, 'reg_lambda': 23.395098309603064, 'min_child_weight': 20}. Best is trial 5 with value: 8.781776461363634.
[I 2026-01-04 17:06:00,404] Trial 8 finished with value: 8.785234461562412 and parameters: {'n_estimators': 2044, 'learning_rate': 0.03269124292259021, 'max_depth': 8, 'max_leaves': 37, 'subsample': 0.869944621340081, 'colsample_bytree': 0.5370223258670452, 'reg_alpha': 0.00271558195528294, 'reg_lambda': 4.360202726228762, 'min_child_weight': 87}. Best is trial 5 with value: 8.781776461363634.
[I 2026-01-04 17:07:05,414] Trial 9 finished with value: 8.810935428756506 and parameters: {'n_estimators': 6987, 'learning_rate': 0.010711937478224529, 'max_depth': 3, 'max_leaves': 15, 'subsample': 0.7138141627093615, 'colsample_bytree': 0.864803089169032, 'reg_alpha': 0.035500125258511595, 'reg_lambda': 26.72916953471347, 'min_child_weight': 48}. Best is trial 5 with value: 8.781776461363634.
[I 2026-01-04 17:09:09,205] Trial 10 finished with value: 8.782903581723119 and parameters: {'n_estimators': 9702, 'learning_rate': 0.018921485741254435, 'max_depth': 5, 'max_leaves': 47, 'subsample': 0.7848601244842127, 'colsample_bytree': 0.9538323976412587, 'reg_alpha': 0.08345792463621332, 'reg_lambda': 18.582381820745464, 'min_child_weight': 97}. Best is trial 5 with value: 8.781776461363634.
[I 2026-01-04 17:11:16,286] Trial 11 finished with value: 8.781884220362072 and parameters: {'n_estimators': 9977, 'learning_rate': 0.017682112885317642, 'max_depth': 5, 'max_leaves': 48, 'subsample': 0.7874684924124213, 'colsample_bytree': 0.9982635852231622, 'reg_alpha': 0.06598782465825292, 'reg_lambda': 17.947729527913943, 'min_child_weight': 100}. Best is trial 5 with value: 8.781776461363634.
[I 2026-01-04 17:13:19,442] Trial 12 finished with value: 8.779479185384963 and parameters: {'n_estimators': 9650, 'learning_rate': 0.015496424058418355, 'max_depth': 5, 'max_leaves': 50, 'subsample': 0.7683992877020707, 'colsample_bytree': 0.9789035353260929, 'reg_alpha': 0.12237594247191264, 'reg_lambda': 17.945993951743027, 'min_child_weight': 100}. Best is trial 12 with value: 8.779479185384963.
[I 2026-01-04 17:15:01,184] Trial 13 finished with value: 8.781030298840202 and parameters: {'n_estimators': 8138, 'learning_rate': 0.012753841090631789, 'max_depth': 5, 'max_leaves': 20, 'subsample': 0.7459236129146251, 'colsample_bytree': 0.876820595799609, 'reg_alpha': 0.20890496358995977, 'reg_lambda': 13.019403842400006, 'min_child_weight': 69}. Best is trial 12 with value: 8.779479185384963.
[I 2026-01-04 17:16:45,957] Trial 14 finished with value: 8.779582816688633 and parameters: {'n_estimators': 8431, 'learning_rate': 0.028862186913164098, 'max_depth': 5, 'max_leaves': 18, 'subsample': 0.8326428757275991, 'colsample_bytree': 0.8758067124078943, 'reg_alpha': 0.26867710072870976, 'reg_lambda': 12.599440282127725, 'min_child_weight': 71}. Best is trial 12 with value: 8.779479185384963.
[I 2026-01-04 17:18:21,658] Trial 15 finished with value: 8.778555379170092 and parameters: {'n_estimators': 8859, 'learning_rate': 0.026140079563340732, 'max_depth': 4, 'max_leaves': 0, 'subsample': 0.8385686851279809, 'colsample_bytree': 0.8827503742849342, 'reg_alpha': 0.015325553183452379, 'reg_lambda': 16.478885133859453, 'min_child_weight': 36}. Best is trial 15 with value: 8.778555379170092.
[I 2026-01-04 17:19:57,760] Trial 16 finished with value: 8.779014573105094 and parameters: {'n_estimators': 8935, 'learning_rate': 0.02430930348942774, 'max_depth': 4, 'max_leaves': 0, 'subsample': 0.8275515087244294, 'colsample_bytree': 0.8084158142101193, 'reg_alpha': 0.025875674006139857, 'reg_lambda': 19.82923781055575, 'min_child_weight': 2}. Best is trial 15 with value: 8.778555379170092.
[I 2026-01-04 17:20:51,321] Trial 17 finished with value: 18.91663865019858 and parameters: {'n_estimators': 8919, 'learning_rate': 0.026975375679443435, 'max_depth': 4, 'max_leaves': 1, 'subsample': 0.913838901233984, 'colsample_bytree': 0.8136506111480125, 'reg_alpha': 0.019536186642933148, 'reg_lambda': 21.94604038055238, 'min_child_weight': 3}. Best is trial 15 with value: 8.778555379170092.
[I 2026-01-04 17:21:33,974] Trial 18 finished with value: 8.789785085831292 and parameters: {'n_estimators': 3636, 'learning_rate': 0.023361949600222143, 'max_depth': 4, 'max_leaves': 0, 'subsample': 0.8323927351333774, 'colsample_bytree': 0.7957588354978627, 'reg_alpha': 0.0010874146602504304, 'reg_lambda': 15.002610747380366, 'min_child_weight': 2}. Best is trial 15 with value: 8.778555379170092.
[I 2026-01-04 17:23:04,153] Trial 19 finished with value: 8.7798282840067 and parameters: {'n_estimators': 8622, 'learning_rate': 0.03408927602795017, 'max_depth': 4, 'max_leaves': 11, 'subsample': 0.9336841327808258, 'colsample_bytree': 0.9130904441187321, 'reg_alpha': 0.014801621082153804, 'reg_lambda': 20.548985413443436, 'min_child_weight': 38}. Best is trial 15 with value: 8.778555379170092.
[I 2026-01-04 17:24:14,404] Trial 20 finished with value: 8.820772155899446 and parameters: {'n_estimators': 9120, 'learning_rate': 0.024230328056687202, 'max_depth': 6, 'max_leaves': 4, 'subsample': 0.8319844333004578, 'colsample_bytree': 0.7606935936313389, 'reg_alpha': 0.007536815178690322, 'reg_lambda': 1.3370078871990323, 'min_child_weight': 33}. Best is trial 15 with value: 8.778555379170092.
[I 2026-01-04 17:25:59,091] Trial 21 finished with value: 8.780540772197297 and parameters: {'n_estimators': 9775, 'learning_rate': 0.01345732164934926, 'max_depth': 4, 'max_leaves': 37, 'subsample': 0.7552103881791213, 'colsample_bytree': 0.9339811823408658, 'reg_alpha': 0.02710464203098907, 'reg_lambda': 17.286569844241367, 'min_child_weight': 13}. Best is trial 15 with value: 8.778555379170092.
[I 2026-01-04 17:27:23,622] Trial 22 finished with value: 8.783972981437545 and parameters: {'n_estimators': 7878, 'learning_rate': 0.014777498595841676, 'max_depth': 6, 'max_leaves': 15, 'subsample': 0.8045333947766803, 'colsample_bytree': 0.8104027089746842, 'reg_alpha': 0.056142273379834594, 'reg_lambda': 15.485231013518233, 'min_child_weight': 38}. Best is trial 15 with value: 8.778555379170092.
[I 2026-01-04 17:28:33,711] Trial 23 finished with value: 8.839533287409893 and parameters: {'n_estimators': 9231, 'learning_rate': 0.021852450125282877, 'max_depth': 4, 'max_leaves': 3, 'subsample': 0.8656063533542948, 'colsample_bytree': 0.8980329096490369, 'reg_alpha': 0.20881072447900037, 'reg_lambda': 20.53098171368191, 'min_child_weight': 48}. Best is trial 15 with value: 8.778555379170092.
[I 2026-01-04 17:30:11,675] Trial 24 finished with value: 8.794778498052537 and parameters: {'n_estimators': 6397, 'learning_rate': 0.03507993744903421, 'max_depth': 6, 'max_leaves': 35, 'subsample': 0.7447923089562934, 'colsample_bytree': 0.8349025979948694, 'reg_alpha': 0.012671393838097029, 'reg_lambda': 12.30784351129379, 'min_child_weight': 12}. Best is trial 15 with value: 8.778555379170092.
[I 2026-01-04 17:31:49,537] Trial 25 finished with value: 8.780120129642745 and parameters: {'n_estimators': 9256, 'learning_rate': 0.016824569225221762, 'max_depth': 5, 'max_leaves': 14, 'subsample': 0.817201371122137, 'colsample_bytree': 0.9695290933501953, 'reg_alpha': 0.04027194474033031, 'reg_lambda': 19.24222887072773, 'min_child_weight': 62}. Best is trial 15 with value: 8.778555379170092.
[I 2026-01-04 17:33:06,156] Trial 26 finished with value: 8.81554525709228 and parameters: {'n_estimators': 8366, 'learning_rate': 0.007827804157353445, 'max_depth': 3, 'max_leaves': 43, 'subsample': 0.9022741866575503, 'colsample_bytree': 0.7506917998008188, 'reg_alpha': 0.004983901233925776, 'reg_lambda': 16.33127411150657, 'min_child_weight': 74}. Best is trial 15 with value: 8.778555379170092.
[I 2026-01-04 17:34:30,249] Trial 27 finished with value: 8.77864777502202 and parameters: {'n_estimators': 7752, 'learning_rate': 0.020804479269890035, 'max_depth': 4, 'max_leaves': 25, 'subsample': 0.8545237510131645, 'colsample_bytree': 0.9349689719133034, 'reg_alpha': 0.4503255117375537, 'reg_lambda': 9.49829354437331, 'min_child_weight': 33}. Best is trial 15 with value: 8.778555379170092.
[I 2026-01-04 17:35:29,458] Trial 28 finished with value: 8.819109271459936 and parameters: {'n_estimators': 7527, 'learning_rate': 0.029147436866998947, 'max_depth': 4, 'max_leaves': 4, 'subsample': 0.857547340239199, 'colsample_bytree': 0.8490592725278645, 'reg_alpha': 0.44449744686528536, 'reg_lambda': 8.331039878762176, 'min_child_weight': 30}. Best is trial 15 with value: 8.778555379170092.
[I 2026-01-04 17:37:10,525] Trial 29 finished with value: 8.797974845840615 and parameters: {'n_estimators': 8020, 'learning_rate': 0.04710358527727461, 'max_depth': 9, 'max_leaves': 24, 'subsample': 0.9445477705046836, 'colsample_bytree': 0.9132956140466971, 'reg_alpha': 0.0007516754348468079, 'reg_lambda': 6.878015323902025, 'min_child_weight': 42}. Best is trial 15 with value: 8.778555379170092.
[I 2026-01-04 17:37:10,527] A new study created in memory with name: no-name-5003375a-8818-498a-8633-de4d31b20fec

  Best XGBoost params: {'n_estimators': 8859, 'learning_rate': 0.026140079563340732, 'max_depth': 4, 'max_leaves': 0, 'subsample': 0.8385686851279809, 'colsample_bytree': 0.8827503742849342, 'reg_alpha': 0.015325553183452379, 'reg_lambda': 16.478885133859453, 'min_child_weight': 36}
  Best XGBoost RMSE: 8.77856

⚡ Tuning LightGBM...

1 warning generated.
1 warning generated.
1 warning generated.
1 warning generated.
1 warning generated.
1 warning generated.
1 warning generated.
1 warning generated.
1 warning generated.
1 warning generated.
1 warning generated.
1 warning generated.
1 warning generated.
1 warning generated.
1 warning generated.
1 warning generated.
1 warning generated.
1 warning generated.
1 warning generated.
1 warning generated.
1 warning generated.
1 warning generated.
1 warning generated.
1 warning generated.
1 warning generated.
1 warning generated.
1 warning generated.
1 warning generated.
1 warning generated.
1 warning generated.
1 warning generated.
1 warning generated.
1 warning generated.
[I 2026-01-04 17:40:39,770] Trial 0 finished with value: 9.08392137992637 and parameters: {'n_estimators': 4622, 'learning_rate': 0.17254716573280354, 'num_leaves': 75, 'max_depth': 13, 'subsample': 0.6624074561769746, 'colsample_bytree': 0.662397808134481, 'reg_alpha': 0.6750277604651747, 'reg_lambda': 0.29154431891537513}. Best is trial 0 with value: 9.08392137992637.
[I 2026-01-04 17:43:05,712] Trial 1 finished with value: 8.784420682268506 and parameters: {'n_estimators': 6208, 'learning_rate': 0.08341106432362087, 'num_leaves': 5, 'max_depth': 20, 'subsample': 0.9329770563201687, 'colsample_bytree': 0.6849356442713105, 'reg_alpha': 1.9000671753502962, 'reg_lambda': 0.0005415244119402539}. Best is trial 1 with value: 8.784420682268506.
[I 2026-01-04 17:45:58,527] Trial 2 finished with value: 8.795104142465155 and parameters: {'n_estimators': 4129, 'learning_rate': 0.048164145309070844, 'num_leaves': 45, 'max_depth': 7, 'subsample': 0.8447411578889518, 'colsample_bytree': 0.6557975442608167, 'reg_alpha': 2.99223202049866, 'reg_lambda': 0.002920433847181412}. Best is trial 1 with value: 8.784420682268506.
[I 2026-01-04 17:48:44,670] Trial 3 finished with value: 8.824521023402975 and parameters: {'n_estimators': 5192, 'learning_rate': 0.10508421338691762, 'num_leaves': 23, 'max_depth': 11, 'subsample': 0.836965827544817, 'colsample_bytree': 0.6185801650879991, 'reg_alpha': 6.1146940338242395, 'reg_lambda': 0.00048094619675015767}. Best is trial 1 with value: 8.784420682268506.
[I 2026-01-04 17:51:03,731] Trial 4 finished with value: 8.97479504843067 and parameters: {'n_estimators': 2455, 'learning_rate': 0.17160445029754812, 'num_leaves': 97, 'max_depth': 17, 'subsample': 0.7218455076693483, 'colsample_bytree': 0.6390688456025535, 'reg_alpha': 6.873906962470353, 'reg_lambda': 0.005762487216478602}. Best is trial 1 with value: 8.784420682268506.
[I 2026-01-04 17:52:22,550] Trial 5 finished with value: 8.80164957864467 and parameters: {'n_estimators': 2854, 'learning_rate': 0.04407984038169244, 'num_leaves': 7, 'max_depth': 19, 'subsample': 0.7035119926400067, 'colsample_bytree': 0.8650089137415928, 'reg_alpha': 3.1859396532851685, 'reg_lambda': 0.012030178871154668}. Best is trial 1 with value: 8.784420682268506.
[I 2026-01-04 17:57:54,273] Trial 6 finished with value: 8.80412822952625 and parameters: {'n_estimators': 5827, 'learning_rate': 0.017398074711291726, 'num_leaves': 98, 'max_depth': 16, 'subsample': 0.9757995766256756, 'colsample_bytree': 0.9579309401710595, 'reg_alpha': 6.019209790229743, 'reg_lambda': 0.48696409415208936}. Best is trial 1 with value: 8.784420682268506.
[I 2026-01-04 17:59:22,233] Trial 7 finished with value: 8.821814377376908 and parameters: {'n_estimators': 2619, 'learning_rate': 0.017987863473362915, 'num_leaves': 8, 'max_depth': 8, 'subsample': 0.7554709158757928, 'colsample_bytree': 0.7085396127095583, 'reg_alpha': 8.3045013406041, 'reg_lambda': 0.0026730883107816713}. Best is trial 1 with value: 8.784420682268506.
[I 2026-01-04 18:01:21,177] Trial 8 finished with value: 8.790159795284188 and parameters: {'n_estimators': 3966, 'learning_rate': 0.05082341959721458, 'num_leaves': 17, 'max_depth': 17, 'subsample': 0.6298202574719083, 'colsample_bytree': 0.9947547746402069, 'reg_alpha': 7.7452232160369086, 'reg_lambda': 0.0006235377135673159}. Best is trial 1 with value: 8.784420682268506.
[I 2026-01-04 18:03:03,773] Trial 9 finished with value: 8.847265273007343 and parameters: {'n_estimators': 2038, 'learning_rate': 0.11506408247250169, 'num_leaves': 72, 'max_depth': 15, 'subsample': 0.9085081386743783, 'colsample_bytree': 0.6296178606936361, 'reg_alpha': 3.648810712588299, 'reg_lambda': 0.00029072088906598463}. Best is trial 1 with value: 8.784420682268506.
[I 2026-01-04 18:06:14,547] Trial 10 finished with value: 8.834932145171422 and parameters: {'n_estimators': 8234, 'learning_rate': 0.010181283131439624, 'num_leaves': 39, 'max_depth': 2, 'subsample': 0.993065495809967, 'colsample_bytree': 0.7689964257681106, 'reg_alpha': 0.25438851661871276, 'reg_lambda': 0.00011200313812893261}. Best is trial 1 with value: 8.784420682268506.
[I 2026-01-04 18:09:57,480] Trial 11 finished with value: 8.809544275536924 and parameters: {'n_estimators': 7213, 'learning_rate': 0.05221531414570948, 'num_leaves': 25, 'max_depth': 19, 'subsample': 0.6286992778348625, 'colsample_bytree': 0.9562160119476198, 'reg_alpha': 9.499756975874329, 'reg_lambda': 0.0009125703046060924}. Best is trial 1 with value: 8.784420682268506.
[I 2026-01-04 18:13:22,924] Trial 12 finished with value: 8.81682809230186 and parameters: {'n_estimators': 6595, 'learning_rate': 0.07115111139251672, 'num_leaves': 24, 'max_depth': 20, 'subsample': 0.9165877328999809, 'colsample_bytree': 0.8259059482164008, 'reg_alpha': 7.806193592368963, 'reg_lambda': 0.040806072881474795}. Best is trial 1 with value: 8.784420682268506.
[I 2026-01-04 18:15:05,796] Trial 13 finished with value: 8.820240331503777 and parameters: {'n_estimators': 4433, 'learning_rate': 0.029494148336943176, 'num_leaves': 4, 'max_depth': 14, 'subsample': 0.8056891692692755, 'colsample_bytree': 0.901631406461927, 'reg_alpha': 4.43748865816223, 'reg_lambda': 0.0001049378610382513}. Best is trial 1 with value: 8.784420682268506.
[I 2026-01-04 18:17:15,330] Trial 14 finished with value: 8.811732982504767 and parameters: {'n_estimators': 3572, 'learning_rate': 0.08263341386375773, 'num_leaves': 34, 'max_depth': 17, 'subsample': 0.6052561262871232, 'colsample_bytree': 0.7483215417441478, 'reg_alpha': 1.7985867448517767, 'reg_lambda': 0.00085335675670685}. Best is trial 1 with value: 8.784420682268506.
[I 2026-01-04 18:21:48,243] Trial 15 finished with value: 8.795912555753011 and parameters: {'n_estimators': 6175, 'learning_rate': 0.03066300384290198, 'num_leaves': 58, 'max_depth': 11, 'subsample': 0.8964612764719792, 'colsample_bytree': 0.7151157887239122, 'reg_alpha': 9.444479587259067, 'reg_lambda': 0.0016225742212429214}. Best is trial 1 with value: 8.784420682268506.
[I 2026-01-04 18:25:37,245] Trial 16 finished with value: 8.814523466400724 and parameters: {'n_estimators': 8563, 'learning_rate': 0.06811078001805237, 'num_leaves': 16, 'max_depth': 20, 'subsample': 0.7821447978056717, 'colsample_bytree': 0.9909065862380312, 'reg_alpha': 5.095937052114621, 'reg_lambda': 0.036130491130956496}. Best is trial 1 with value: 8.784420682268506.
[I 2026-01-04 18:30:20,443] Trial 17 finished with value: 9.023676341860112 and parameters: {'n_estimators': 7343, 'learning_rate': 0.12239278316410006, 'num_leaves': 58, 'max_depth': 18, 'subsample': 0.6777564705550927, 'colsample_bytree': 0.8238463572387134, 'reg_alpha': 1.7977527409562295, 'reg_lambda': 0.0002462971549617267}. Best is trial 1 with value: 8.784420682268506.
[I 2026-01-04 18:32:57,990] Trial 18 finished with value: 8.78738533816229 and parameters: {'n_estimators': 5267, 'learning_rate': 0.033809461887927036, 'num_leaves': 16, 'max_depth': 13, 'subsample': 0.9582935175639912, 'colsample_bytree': 0.9152077924646407, 'reg_alpha': 7.970422192555646, 'reg_lambda': 0.022811287575472013}. Best is trial 1 with value: 8.784420682268506.
[I 2026-01-04 18:35:54,350] Trial 19 finished with value: 8.789945551140578 and parameters: {'n_estimators': 4984, 'learning_rate': 0.03165401072610012, 'num_leaves': 32, 'max_depth': 8, 'subsample': 0.9518805171297138, 'colsample_bytree': 0.898455323922507, 'reg_alpha': 5.12763293524856, 'reg_lambda': 0.12454629195124119}. Best is trial 1 with value: 8.784420682268506.
[I 2026-01-04 18:39:17,264] Trial 20 finished with value: 8.784022842066824 and parameters: {'n_estimators': 6764, 'learning_rate': 0.022683193127282807, 'num_leaves': 13, 'max_depth': 5, 'subsample': 0.870443990178826, 'colsample_bytree': 0.7681566443559029, 'reg_alpha': 1.62180183442078, 'reg_lambda': 0.014801621082153804}. Best is trial 20 with value: 8.784022842066824.
[I 2026-01-04 18:42:43,703] Trial 21 finished with value: 8.792183217710834 and parameters: {'n_estimators': 6949, 'learning_rate': 0.022057616163193527, 'num_leaves': 15, 'max_depth': 3, 'subsample': 0.8777520765855286, 'colsample_bytree': 0.7003855235320224, 'reg_alpha': 1.7838543262025723, 'reg_lambda': 0.02854032137025409}. Best is trial 20 with value: 8.784022842066824.
