[I 2026-01-04 18:46:53,016] Trial 22 finished with value: 8.790901335106808 and parameters: {'n_estimators': 7954, 'learning_rate': 0.01264447570741621, 'num_leaves': 13, 'max_depth': 5, 'subsample': 0.9361340161837138, 'colsample_bytree': 0.7715427475018556, 'reg_alpha': 2.114454389134363, 'reg_lambda': 0.012479113911099739}. Best is trial 20 with value: 8.784022842066824.
[I 2026-01-04 18:50:05,932] Trial 23 finished with value: 8.789791189485493 and parameters: {'n_estimators': 5718, 'learning_rate': 0.0370880179751685, 'num_leaves': 27, 'max_depth': 12, 'subsample': 0.8635159097607084, 'colsample_bytree': 0.7899369974993745, 'reg_alpha': 0.9708424525468544, 'reg_lambda': 0.1140452534680966}. Best is trial 20 with value: 8.784022842066824.
[I 2026-01-04 18:52:40,377] Trial 24 finished with value: 8.806565095400906 and parameters: {'n_estimators': 6282, 'learning_rate': 0.023920586465525723, 'num_leaves': 5, 'max_depth': 10, 'subsample': 0.9520346679731339, 'colsample_bytree': 0.7349113681968253, 'reg_alpha': 4.031812390764047, 'reg_lambda': 0.005913927499653121}. Best is trial 20 with value: 8.784022842066824.
[I 2026-01-04 18:58:33,624] Trial 25 finished with value: 8.776713752608705 and parameters: {'n_estimators': 7714, 'learning_rate': 0.015972723563573123, 'num_leaves': 43, 'max_depth': 5, 'subsample': 0.971036644797337, 'colsample_bytree': 0.6809798795458896, 'reg_alpha': 2.731526197140766, 'reg_lambda': 0.02284089240776933}. Best is trial 25 with value: 8.776713752608705.
[I 2026-01-04 19:04:28,758] Trial 26 finished with value: 8.776517609541456 and parameters: {'n_estimators': 7746, 'learning_rate': 0.014681402803987357, 'num_leaves': 46, 'max_depth': 5, 'subsample': 0.9913019543592999, 'colsample_bytree': 0.6789906952929146, 'reg_alpha': 2.6242227784438223, 'reg_lambda': 0.08210063306974046}. Best is trial 26 with value: 8.776517609541456.
[I 2026-01-04 19:10:23,604] Trial 27 finished with value: 8.77765594797932 and parameters: {'n_estimators': 7646, 'learning_rate': 0.014473525335316982, 'num_leaves': 53, 'max_depth': 5, 'subsample': 0.9995899210354756, 'colsample_bytree': 0.6055590232716066, 'reg_alpha': 2.7454820055542837, 'reg_lambda': 0.09842528745065059}. Best is trial 26 with value: 8.776517609541456.
[I 2026-01-04 19:17:05,449] Trial 28 finished with value: 8.776893021164911 and parameters: {'n_estimators': 8822, 'learning_rate': 0.014352645958985003, 'num_leaves': 48, 'max_depth': 5, 'subsample': 0.9868928599123498, 'colsample_bytree': 0.6686938796835148, 'reg_alpha': 2.7727210115595162, 'reg_lambda': 0.09320946310005894}. Best is trial 26 with value: 8.776517609541456.
[I 2026-01-04 19:21:26,040] Trial 29 finished with value: 8.80470731719041 and parameters: {'n_estimators': 8746, 'learning_rate': 0.010323457596479398, 'num_leaves': 70, 'max_depth': 3, 'subsample': 0.9804017870480919, 'colsample_bytree': 0.671220076506811, 'reg_alpha': 2.495450676947061, 'reg_lambda': 0.23690528158699067}. Best is trial 26 with value: 8.776517609541456.
[I 2026-01-04 19:21:26,042] A new study created in memory with name: no-name-70ef347b-afc4-43a7-9006-fcf84e28dd04

  Best LightGBM params: {'n_estimators': 7746, 'learning_rate': 0.014681402803987357, 'num_leaves': 46, 'max_depth': 5, 'subsample': 0.9913019543592999, 'colsample_bytree': 0.6789906952929146, 'reg_alpha': 2.6242227784438223, 'reg_lambda': 0.08210063306974046}
  Best LightGBM RMSE: 8.77652

⚡ Tuning CatBoost...

[I 2026-01-04 19:24:13,664] Trial 0 finished with value: 9.40519484530939 and parameters: {'iterations': 4622, 'learning_rate': 0.2536999076681772, 'depth': 9, 'l2_leaf_reg': 0.24810409748678125, 'random_strength': 0.004207988669606638, 'bagging_temperature': 0.15599452033620265}. Best is trial 0 with value: 9.40519484530939.
[I 2026-01-04 19:25:41,659] Trial 1 finished with value: 8.964686245149922 and parameters: {'iterations': 2406, 'learning_rate': 0.19030368381735815, 'depth': 8, 'l2_leaf_reg': 0.679657809075816, 'random_strength': 0.0012087541473056963, 'bagging_temperature': 0.9699098521619943}. Best is trial 1 with value: 8.964686245149922.
[I 2026-01-04 19:28:03,498] Trial 2 finished with value: 8.809671090924256 and parameters: {'iterations': 7827, 'learning_rate': 0.020589728197687916, 'depth': 5, 'l2_leaf_reg': 0.00541524411940254, 'random_strength': 0.016480446427978974, 'bagging_temperature': 0.5247564316322378}. Best is trial 2 with value: 8.809671090924256.
[I 2026-01-04 19:30:27,061] Trial 3 finished with value: 8.81964034213952 and parameters: {'iterations': 5024, 'learning_rate': 0.02692655251486473, 'depth': 8, 'l2_leaf_reg': 0.003613894271216527, 'random_strength': 0.01474275315991467, 'bagging_temperature': 0.3663618432936917}. Best is trial 2 with value: 8.809671090924256.
[I 2026-01-04 19:32:12,532] Trial 4 finished with value: 8.831335281510157 and parameters: {'iterations': 5192, 'learning_rate': 0.14447746112718687, 'depth': 5, 'l2_leaf_reg': 0.11400863701127326, 'random_strength': 0.23423849847112907, 'bagging_temperature': 0.046450412719997725}. Best is trial 2 with value: 8.809671090924256.
[I 2026-01-04 19:34:06,898] Trial 5 finished with value: 8.826130877176887 and parameters: {'iterations': 6253, 'learning_rate': 0.0178601378893971, 'depth': 4, 'l2_leaf_reg': 6.245139574743075, 'random_strength': 7.2866537374910445, 'bagging_temperature': 0.8083973481164611}. Best is trial 2 with value: 8.809671090924256.
[I 2026-01-04 19:36:12,349] Trial 6 finished with value: 8.815736433988024 and parameters: {'iterations': 4132, 'learning_rate': 0.013940346079873234, 'depth': 8, 'l2_leaf_reg': 0.057624872164786026, 'random_strength': 0.003077180271250686, 'bagging_temperature': 0.4951769101112702}. Best is trial 2 with value: 8.809671090924256.
[I 2026-01-04 19:37:13,192] Trial 7 finished with value: 8.823209934836306 and parameters: {'iterations': 2240, 'learning_rate': 0.22038218939289875, 'depth': 5, 'l2_leaf_reg': 0.4467752817973907, 'random_strength': 0.017654048052495083, 'bagging_temperature': 0.5200680211778108}. Best is trial 2 with value: 8.809671090924256.
[I 2026-01-04 19:41:35,907] Trial 8 finished with value: 8.870644607020202 and parameters: {'iterations': 5827, 'learning_rate': 0.01875220945578641, 'depth': 10, 'l2_leaf_reg': 1.2604664585649468, 'random_strength': 5.727904470799623, 'bagging_temperature': 0.8948273504276488}. Best is trial 2 with value: 8.809671090924256.
[I 2026-01-04 19:43:25,735] Trial 9 finished with value: 8.833545931910413 and parameters: {'iterations': 6185, 'learning_rate': 0.22999586428143728, 'depth': 4, 'l2_leaf_reg': 0.006080390190296602, 'random_strength': 0.0015167330688076208, 'bagging_temperature': 0.32533033076326434}. Best is trial 2 with value: 8.809671090924256.
[I 2026-01-04 19:46:43,447] Trial 10 finished with value: 8.824524034841389 and parameters: {'iterations': 8846, 'learning_rate': 0.050022091577274753, 'depth': 6, 'l2_leaf_reg': 0.001179906252315926, 'random_strength': 0.2651471074919481, 'bagging_temperature': 0.6902470735691448}. Best is trial 2 with value: 8.809671090924256.
[I 2026-01-04 19:49:56,361] Trial 11 finished with value: 8.812015403832287 and parameters: {'iterations': 8299, 'learning_rate': 0.010452547107509196, 'depth': 7, 'l2_leaf_reg': 0.01813035470121874, 'random_strength': 0.04128459719523717, 'bagging_temperature': 0.55852473077929}. Best is trial 2 with value: 8.809671090924256.
[I 2026-01-04 19:53:02,591] Trial 12 finished with value: 8.813666448101237 and parameters: {'iterations': 8454, 'learning_rate': 0.011013329745684171, 'depth': 6, 'l2_leaf_reg': 0.01983847039554652, 'random_strength': 0.04847114306324737, 'bagging_temperature': 0.6495711387991461}. Best is trial 2 with value: 8.809671090924256.
[I 2026-01-04 19:56:10,518] Trial 13 finished with value: 8.823934421416139 and parameters: {'iterations': 7758, 'learning_rate': 0.03350404541226553, 'depth': 7, 'l2_leaf_reg': 0.0186628261653506, 'random_strength': 0.6755849262852012, 'bagging_temperature': 0.5474996647442592}. Best is trial 2 with value: 8.809671090924256.
[I 2026-01-04 19:58:55,901] Trial 14 finished with value: 8.840837576550987 and parameters: {'iterations': 7404, 'learning_rate': 0.07988665057252241, 'depth': 6, 'l2_leaf_reg': 0.008101324842116002, 'random_strength': 0.034902858196202306, 'bagging_temperature': 0.35185319040769425}. Best is trial 2 with value: 8.809671090924256.
[I 2026-01-04 20:01:52,036] Trial 15 finished with value: 8.815786508787857 and parameters: {'iterations': 7210, 'learning_rate': 0.010084384063043187, 'depth': 7, 'l2_leaf_reg': 0.0013936216272533504, 'random_strength': 0.008655616270275794, 'bagging_temperature': 0.7297794335507348}. Best is trial 2 with value: 8.809671090924256.
[I 2026-01-04 20:04:25,142] Trial 16 finished with value: 8.805620733465645 and parameters: {'iterations': 8092, 'learning_rate': 0.028061658905806017, 'depth': 5, 'l2_leaf_reg': 0.032287120753525994, 'random_strength': 0.10410094319291512, 'bagging_temperature': 0.2572382856359501}. Best is trial 16 with value: 8.805620733465645.
[I 2026-01-04 20:06:36,656] Trial 17 finished with value: 8.805210416198822 and parameters: {'iterations': 6749, 'learning_rate': 0.03703772238189894, 'depth': 5, 'l2_leaf_reg': 0.05039156628791328, 'random_strength': 1.4012366471299615, 'bagging_temperature': 0.2146231419140554}. Best is trial 17 with value: 8.805210416198822.
[I 2026-01-04 20:08:28,620] Trial 18 finished with value: 8.80657579770459 and parameters: {'iterations': 6927, 'learning_rate': 0.06062450984782266, 'depth': 4, 'l2_leaf_reg': 0.07188958626315213, 'random_strength': 1.7913893815543047, 'bagging_temperature': 0.18557147149999378}. Best is trial 17 with value: 8.805210416198822.
[I 2026-01-04 20:10:36,804] Trial 19 finished with value: 8.805081841512179 and parameters: {'iterations': 6942, 'learning_rate': 0.03896319829750166, 'depth': 5, 'l2_leaf_reg': 0.04455066178195098, 'random_strength': 1.1349835828662909, 'bagging_temperature': 0.2126303629303074}. Best is trial 19 with value: 8.805081841512179.
[I 2026-01-04 20:13:05,865] Trial 20 finished with value: 8.849372730466987 and parameters: {'iterations': 6627, 'learning_rate': 0.09847052256216295, 'depth': 6, 'l2_leaf_reg': 0.1642953999896676, 'random_strength': 1.8808274360134283, 'bagging_temperature': 0.023695411505832042}. Best is trial 19 with value: 8.805081841512179.
[I 2026-01-04 20:15:16,574] Trial 21 finished with value: 8.805165369873034 and parameters: {'iterations': 6811, 'learning_rate': 0.04103565730500522, 'depth': 5, 'l2_leaf_reg': 0.04127734647083386, 'random_strength': 0.19713233678624353, 'bagging_temperature': 0.22928422231695922}. Best is trial 19 with value: 8.805081841512179.
[I 2026-01-04 20:17:24,826] Trial 22 finished with value: 8.805792074819736 and parameters: {'iterations': 6451, 'learning_rate': 0.042097540359610004, 'depth': 5, 'l2_leaf_reg': 0.04473803526205264, 'random_strength': 1.1101833370216245, 'bagging_temperature': 0.13935315272311993}. Best is trial 19 with value: 8.805081841512179.
[I 2026-01-04 20:19:05,203] Trial 23 finished with value: 8.807784013163158 and parameters: {'iterations': 5644, 'learning_rate': 0.06732016837874306, 'depth': 4, 'l2_leaf_reg': 0.25011811124182254, 'random_strength': 0.4348317755608444, 'bagging_temperature': 0.42247683562867244}. Best is trial 19 with value: 8.805081841512179.
[I 2026-01-04 20:20:41,713] Trial 24 finished with value: 8.806745864259467 and parameters: {'iterations': 3528, 'learning_rate': 0.04035945614151449, 'depth': 6, 'l2_leaf_reg': 0.011918480869727377, 'random_strength': 3.2689199893723795, 'bagging_temperature': 0.24021176206200354}. Best is trial 19 with value: 8.805081841512179.
[I 2026-01-04 20:22:53,529] Trial 25 finished with value: 8.830255726762383 and parameters: {'iterations': 7052, 'learning_rate': 0.110829976747288, 'depth': 5, 'l2_leaf_reg': 0.03216580169263009, 'random_strength': 0.11733032154342582, 'bagging_temperature': 0.08211381111830399}. Best is trial 19 with value: 8.805081841512179.
[I 2026-01-04 20:24:56,168] Trial 26 finished with value: 8.806771793592558 and parameters: {'iterations': 7529, 'learning_rate': 0.04892691599958068, 'depth': 4, 'l2_leaf_reg': 2.992799092191381, 'random_strength': 0.6025398786046625, 'bagging_temperature': 0.24858677338294155}. Best is trial 19 with value: 8.805081841512179.
[I 2026-01-04 20:27:19,432] Trial 27 finished with value: 8.806987648691278 and parameters: {'iterations': 5949, 'learning_rate': 0.026286079453135602, 'depth': 6, 'l2_leaf_reg': 0.10443765321794124, 'random_strength': 0.2353474212951765, 'bagging_temperature': 0.10022083355378109}. Best is trial 19 with value: 8.805081841512179.
[I 2026-01-04 20:29:32,830] Trial 28 finished with value: 8.806262605463717 and parameters: {'iterations': 6612, 'learning_rate': 0.03623890046487186, 'depth': 5, 'l2_leaf_reg': 0.05400775871440102, 'random_strength': 1.7324372275542832, 'bagging_temperature': 0.42156441326740024}. Best is trial 19 with value: 8.805081841512179.
[I 2026-01-04 20:32:58,239] Trial 29 finished with value: 9.038035401462816 and parameters: {'iterations': 4486, 'learning_rate': 0.0799695524857887, 'depth': 10, 'l2_leaf_reg': 0.26150572198805117, 'random_strength': 3.6159771536315892, 'bagging_temperature': 0.1929281043892526}. Best is trial 19 with value: 8.805081841512179.
[I 2026-01-04 20:32:58,241] A new study created in memory with name: no-name-71260cd6-1839-4f43-95b2-9f32c4c271e1

  Best CatBoost params: {'iterations': 6942, 'learning_rate': 0.03896319829750166, 'depth': 5, 'l2_leaf_reg': 0.04455066178195098, 'random_strength': 1.1349835828662909, 'bagging_temperature': 0.2126303629303074}
  Best CatBoost RMSE: 8.80508

⚡ Tuning RandomForest...

[I 2026-01-04 20:41:54,890] Trial 0 finished with value: 9.13709406353163 and parameters: {'n_estimators': 1062, 'max_depth': 24, 'min_samples_split': 15, 'min_samples_leaf': 12, 'max_features': 'sqrt'}. Best is trial 0 with value: 9.13709406353163.
[I 2026-01-04 20:54:44,079] Trial 1 finished with value: 9.121263222664119 and parameters: {'n_estimators': 1407, 'max_depth': 17, 'min_samples_split': 15, 'min_samples_leaf': 1, 'max_features': 'sqrt'}. Best is trial 1 with value: 9.121263222664119.
[I 2026-01-04 21:13:32,779] Trial 2 finished with value: 9.576017442601442 and parameters: {'n_estimators': 927, 'max_depth': 8, 'min_samples_split': 7, 'min_samples_leaf': 11, 'max_features': None}. Best is trial 1 with value: 9.121263222664119.
[I 2026-01-04 21:19:05,670] Trial 3 finished with value: 9.804366038028013 and parameters: {'n_estimators': 897, 'max_depth': 11, 'min_samples_split': 8, 'min_samples_leaf': 10, 'max_features': 'sqrt'}. Best is trial 1 with value: 9.121263222664119.
[I 2026-01-04 21:36:48,210] Trial 4 finished with value: 10.662270609803459 and parameters: {'n_estimators': 1215, 'max_depth': 5, 'min_samples_split': 13, 'min_samples_leaf': 4, 'max_features': None}. Best is trial 1 with value: 9.121263222664119.
[I 2026-01-04 22:12:04,903] Trial 5 finished with value: 9.037012473960631 and parameters: {'n_estimators': 1366, 'max_depth': 11, 'min_samples_split': 3, 'min_samples_leaf': 14, 'max_features': None}. Best is trial 5 with value: 9.037012473960631.
[I 2026-01-04 22:40:22,597] Trial 6 finished with value: 8.938268626594914 and parameters: {'n_estimators': 824, 'max_depth': 24, 'min_samples_split': 6, 'min_samples_leaf': 14, 'max_features': None}. Best is trial 6 with value: 8.938268626594914.
[I 2026-01-04 23:10:38,663] Trial 7 finished with value: 8.929173371237406 and parameters: {'n_estimators': 929, 'max_depth': 25, 'min_samples_split': 16, 'min_samples_leaf': 19, 'max_features': None}. Best is trial 7 with value: 8.929173371237406.
[I 2026-01-04 23:29:37,629] Trial 8 finished with value: 9.322598692181593 and parameters: {'n_estimators': 862, 'max_depth': 9, 'min_samples_split': 2, 'min_samples_leaf': 7, 'max_features': None}. Best is trial 7 with value: 8.929173371237406.
[I 2026-01-04 23:54:30,794] Trial 9 finished with value: 9.150986213198157 and parameters: {'n_estimators': 1050, 'max_depth': 10, 'min_samples_split': 12, 'min_samples_leaf': 3, 'max_features': None}. Best is trial 7 with value: 8.929173371237406.
[I 2026-01-04 23:54:30,796] A new study created in memory with name: no-name-f3533466-fc0f-4411-bd6f-f919e76be9b5

  Best RandomForest params: {'n_estimators': 929, 'max_depth': 25, 'min_samples_split': 16, 'min_samples_leaf': 19, 'max_features': None}
  Best RandomForest RMSE: 8.92917

⚡ Tuning Ridge...

[I 2026-01-04 23:54:36,748] Trial 0 finished with value: 8.920846693027363 and parameters: {'alpha': 0.31489116479568624}. Best is trial 0 with value: 8.920846693027363.
[I 2026-01-04 23:54:42,782] Trial 1 finished with value: 8.920868930923778 and parameters: {'alpha': 63.512210106407046}. Best is trial 0 with value: 8.920846693027363.
[I 2026-01-04 23:54:48,761] Trial 2 finished with value: 8.920849485346524 and parameters: {'alpha': 8.471801418819979}. Best is trial 0 with value: 8.920846693027363.
[I 2026-01-04 23:54:54,765] Trial 3 finished with value: 8.92084743225602 and parameters: {'alpha': 2.481040974867813}. Best is trial 0 with value: 8.920846693027363.
[I 2026-01-04 23:55:00,699] Trial 4 finished with value: 8.92084660004467 and parameters: {'alpha': 0.04207988669606638}. Best is trial 4 with value: 8.92084660004467.
[I 2026-01-04 23:55:06,679] Trial 5 finished with value: 8.920846600041484 and parameters: {'alpha': 0.042070539502879395}. Best is trial 5 with value: 8.920846600041484.
[I 2026-01-04 23:55:12,655] Trial 6 finished with value: 8.920846591523182 and parameters: {'alpha': 0.017073967431528128}. Best is trial 6 with value: 8.920846591523182.
[I 2026-01-04 23:55:18,587] Trial 7 finished with value: 8.920856671214773 and parameters: {'alpha': 29.154431891537552}. Best is trial 6 with value: 8.920846591523182.
[I 2026-01-04 23:55:24,684] Trial 8 finished with value: 8.920847451653486 and parameters: {'alpha': 2.5378155082656657}. Best is trial 6 with value: 8.920846591523182.
[I 2026-01-04 23:55:30,696] Trial 9 finished with value: 8.92084890995042 and parameters: {'alpha': 6.79657809075816}. Best is trial 6 with value: 8.920846591523182.
[I 2026-01-04 23:55:36,743] Trial 10 finished with value: 8.920846589821883 and parameters: {'alpha': 0.012081499457978994}. Best is trial 10 with value: 8.920846589821883.
[I 2026-01-04 23:55:42,754] Trial 11 finished with value: 8.920846589171097 and parameters: {'alpha': 0.010171758159328474}. Best is trial 11 with value: 8.920846589171097.
[I 2026-01-04 23:55:48,709] Trial 12 finished with value: 8.920846654803492 and parameters: {'alpha': 0.2027516698020946}. Best is trial 11 with value: 8.920846589171097.
[I 2026-01-04 23:55:54,706] Trial 13 finished with value: 8.920846589280664 and parameters: {'alpha': 0.010493287297528218}. Best is trial 11 with value: 8.920846589171097.
[I 2026-01-04 23:56:00,711] Trial 14 finished with value: 8.920846649279019 and parameters: {'alpha': 0.18654313556370536}. Best is trial 11 with value: 8.920846589171097.
[I 2026-01-04 23:56:06,663] Trial 15 finished with value: 8.920846602596546 and parameters: {'alpha': 0.049568128310254145}. Best is trial 11 with value: 8.920846589171097.
[I 2026-01-04 23:56:12,614] Trial 16 finished with value: 8.920846589372802 and parameters: {'alpha': 0.010763670619076869}. Best is trial 11 with value: 8.920846589171097.
[I 2026-01-04 23:56:18,611] Trial 17 finished with value: 8.920846616573936 and parameters: {'alpha': 0.0905824216523876}. Best is trial 11 with value: 8.920846589171097.
[I 2026-01-04 23:56:24,620] Trial 18 finished with value: 8.920846817337692 and parameters: {'alpha': 0.6794968727436613}. Best is trial 11 with value: 8.920846589171097.
[I 2026-01-04 23:56:30,704] Trial 19 finished with value: 8.920846596536107 and parameters: {'alpha': 0.03178424415747623}. Best is trial 11 with value: 8.920846589171097.
[I 2026-01-04 23:56:36,692] Trial 20 finished with value: 8.920846842553182 and parameters: {'alpha': 0.7534377560433679}. Best is trial 11 with value: 8.920846589171097.
[I 2026-01-04 23:56:42,656] Trial 21 finished with value: 8.92084658922981 and parameters: {'alpha': 0.01034405918976374}. Best is trial 11 with value: 8.920846589171097.
[I 2026-01-04 23:56:48,594] Trial 22 finished with value: 8.92084659233859 and parameters: {'alpha': 0.019466765671925942}. Best is trial 11 with value: 8.920846589171097.
[I 2026-01-04 23:56:54,625] Trial 23 finished with value: 8.920846620495626 and parameters: {'alpha': 0.10208964787407758}. Best is trial 11 with value: 8.920846589171097.
[I 2026-01-04 23:57:00,606] Trial 24 finished with value: 8.920846593710657 and parameters: {'alpha': 0.023493073521887238}. Best is trial 11 with value: 8.920846589171097.
[I 2026-01-04 23:57:06,622] Trial 25 finished with value: 8.920846616262459 and parameters: {'alpha': 0.08966846244647603}. Best is trial 11 with value: 8.920846589171097.
[I 2026-01-04 23:57:12,602] Trial 26 finished with value: 8.920846589259163 and parameters: {'alpha': 0.010430198468290795}. Best is trial 11 with value: 8.920846589171097.
[I 2026-01-04 23:57:18,615] Trial 27 finished with value: 8.920846606042355 and parameters: {'alpha': 0.059679434278164696}. Best is trial 11 with value: 8.920846589171097.
[I 2026-01-04 23:57:24,716] Trial 28 finished with value: 8.920846593439478 and parameters: {'alpha': 0.0226973043010425}. Best is trial 11 with value: 8.920846589171097.
[I 2026-01-04 23:57:30,716] Trial 29 finished with value: 8.920846706741322 and parameters: {'alpha': 0.35512137719444337}. Best is trial 11 with value: 8.920846589171097.

  Best Ridge params: {'alpha': 0.010171758159328474}
  Best Ridge RMSE: 8.92085

Saving Best Params...